<?xml version="1.0" encoding="UTF-8"?>
<testsuite name="models.BookTest" tests="2" skipped="0" failures="0" errors="0" timestamp="2024-11-29T12:17:53" hostname="DANIELS_BÅ½RBARA" time="0.004">
  <properties/>
  <testcase name="test2NonEqualBooks()" classname="models.BookTest" time="0.001"/>
  <testcase name="test2EqualBooks()" classname="models.BookTest" time="0.001"/>
  <system-out><![CDATA[]]></system-out>
  <system-err><![CDATA[]]></system-err>
</testsuite>
